W1104 15:17:53.991433 140634949330112 torch/distributed/elastic/agent/server/api.py:741] Received Signals.SIGINT death signal, shutting down workers
W1104 15:17:53.993180 140634949330112 torch/distributed/elastic/multiprocessing/api.py:851] Sending process 733614 closing signal SIGINT
Traceback (most recent call last):
  File "/home/gjwang/Try/FaaS/example/CIFAR-10/main.py", line 1, in <module>
    import torch
  File "/home/gjwang/miniconda3/envs/new_env/lib/python3.9/site-packages/torch/__init__.py", line 1921, in <module>
    from . import _meta_registrations
  File "/home/gjwang/miniconda3/envs/new_env/lib/python3.9/site-packages/torch/_meta_registrations.py", line 5041, in <module>
    @register_meta(aten.gather.default)
  File "/home/gjwang/miniconda3/envs/new_env/lib/python3.9/site-packages/torch/_ops.py", line 919, in __getattr__
    op, overload_names = torch._C._jit_get_operation(qualified_op_name)
KeyboardInterrupt
Traceback (most recent call last):
  File "/home/gjwang/miniconda3/envs/new_env/bin/torchrun", line 33, in <module>
    sys.exit(load_entry_point('torch==2.3.1', 'console_scripts', 'torchrun')())
  File "/home/gjwang/miniconda3/envs/new_env/lib/python3.9/site-packages/torch/distributed/elastic/multiprocessing/errors/__init__.py", line 347, in wrapper
    return f(*args, **kwargs)
  File "/home/gjwang/miniconda3/envs/new_env/lib/python3.9/site-packages/torch/distributed/run.py", line 879, in main
    run(args)
  File "/home/gjwang/miniconda3/envs/new_env/lib/python3.9/site-packages/torch/distributed/run.py", line 870, in run
    elastic_launch(
  File "/home/gjwang/miniconda3/envs/new_env/lib/python3.9/site-packages/torch/distributed/launcher/api.py", line 132, in __call__
    return launch_agent(self._config, self._entrypoint, list(args))
  File "/home/gjwang/miniconda3/envs/new_env/lib/python3.9/site-packages/torch/distributed/launcher/api.py", line 254, in launch_agent
    result = agent.run()
  File "/home/gjwang/miniconda3/envs/new_env/lib/python3.9/site-packages/torch/distributed/elastic/metrics/api.py", line 123, in wrapper
    result = f(*args, **kwargs)
  File "/home/gjwang/miniconda3/envs/new_env/lib/python3.9/site-packages/torch/distributed/elastic/agent/server/api.py", line 733, in run
    result = self._invoke_run(role)
  File "/home/gjwang/miniconda3/envs/new_env/lib/python3.9/site-packages/torch/distributed/elastic/agent/server/api.py", line 876, in _invoke_run
    time.sleep(monitor_interval)
  File "/home/gjwang/miniconda3/envs/new_env/lib/python3.9/site-packages/torch/distributed/elastic/multiprocessing/api.py", line 76, in _terminate_process_handler
    raise SignalException(f"Process {os.getpid()} got signal: {sigval}", sigval=sigval)
torch.distributed.elastic.multiprocessing.api.SignalException: Process 733543 got signal: 2
